<?xml version="1.0" encoding="UTF-8"?>
<testsuite name="edu.drexel.se320.PropertyTests" tests="1" skipped="0" failures="0" errors="0" timestamp="2024-10-31T03:44:35" hostname="DESKTOP-HP0VUME" time="0.407">
  <properties/>
  <testcase name="checkElementNotInArrayUpperBound" classname="edu.drexel.se320.PropertyTests" time="0.407"/>
  <system-out><![CDATA[timestamp = 2024-10-30T23:44:35.911440, PropertyTests:checkElementNotInArrayUpperBound = 
                              |-----------------------jqwik-----------------------
tries = 1000                  | # of calls to property
checks = 1000                 | # of not rejected calls
generation = RANDOMIZED       | parameters are randomly generated
after-failure = SAMPLE_FIRST  | try previously failed sample, then previous seed
when-fixed-seed = ALLOW       | fixing the random seed is allowed
edge-cases#mode = MIXIN       | edge cases are mixed in
edge-cases#total = 5          | # of all combined edge cases
edge-cases#tried = 5          | # of edge cases tried in current run
seed = -8386351893496986862   | random seed to reproduce generated values


]]></system-out>
  <system-err><![CDATA[]]></system-err>
</testsuite>
