<?xml version="1.0" encoding="UTF-8"?>
<testsuite name="edu.drexel.se320.PropertyTests" tests="12" skipped="0" failures="0" errors="0" timestamp="2024-10-31T19:29:12" hostname="DESKTOP-HP0VUME" time="0.745">
  <properties/>
  <testcase name="throwsForNullArray" classname="edu.drexel.se320.PropertyTests" time="0.307"/>
  <testcase name="findWithUnsortedArray" classname="edu.drexel.se320.PropertyTests" time="0.069"/>
  <testcase name="checkSingleArrayElt" classname="edu.drexel.se320.PropertyTests" time="0.021"/>
  <testcase name="findFirstElement" classname="edu.drexel.se320.PropertyTests" time="0.075"/>
  <testcase name="findElementInRandomSortedArray" classname="edu.drexel.se320.PropertyTests" time="0.034"/>
  <testcase name="throwsForElementBelowLowerBound" classname="edu.drexel.se320.PropertyTests" time="0.041"/>
  <testcase name="findIntermediateElements" classname="edu.drexel.se320.PropertyTests" time="0.034"/>
  <testcase name="findDuplicateElements" classname="edu.drexel.se320.PropertyTests" time="0.027"/>
  <testcase name="throwsForEmptyArray" classname="edu.drexel.se320.PropertyTests" time="0.029"/>
  <testcase name="throwsForNullElement" classname="edu.drexel.se320.PropertyTests" time="0.034"/>
  <testcase name="findLastElement" classname="edu.drexel.se320.PropertyTests" time="0.03"/>
  <testcase name="throwsForElementAboveUpperBound" classname="edu.drexel.se320.PropertyTests" time="0.035"/>
  <system-out><![CDATA[timestamp = 2024-10-31T15:29:12.374136200, PropertyTests:throwsForNullArray = 
                              |-----------------------jqwik-----------------------
tries = 1000                  | # of calls to property
checks = 1000                 | # of not rejected calls
generation = RANDOMIZED       | parameters are randomly generated
after-failure = SAMPLE_FIRST  | try previously failed sample, then previous seed
when-fixed-seed = ALLOW       | fixing the random seed is allowed
edge-cases#mode = MIXIN       | edge cases are mixed in
edge-cases#total = 9          | # of all combined edge cases
edge-cases#tried = 9          | # of edge cases tried in current run
seed = 3067494798144658369    | random seed to reproduce generated values


timestamp = 2024-10-31T15:29:12.454137500, PropertyTests:findWithUnsortedArray = 
                              |-----------------------jqwik-----------------------
tries = 1000                  | # of calls to property
checks = 1000                 | # of not rejected calls
generation = RANDOMIZED       | parameters are randomly generated
after-failure = SAMPLE_FIRST  | try previously failed sample, then previous seed
when-fixed-seed = ALLOW       | fixing the random seed is allowed
edge-cases#mode = MIXIN       | edge cases are mixed in
edge-cases#total = 5          | # of all combined edge cases
edge-cases#tried = 5          | # of edge cases tried in current run
seed = -3689878884431449043   | random seed to reproduce generated values


timestamp = 2024-10-31T15:29:12.476136600, PropertyTests:checkSingleArrayElt = 
                              |-----------------------jqwik-----------------------
tries = 1000                  | # of calls to property
checks = 1000                 | # of not rejected calls
generation = RANDOMIZED       | parameters are randomly generated
after-failure = SAMPLE_FIRST  | try previously failed sample, then previous seed
when-fixed-seed = ALLOW       | fixing the random seed is allowed
edge-cases#mode = MIXIN       | edge cases are mixed in
edge-cases#total = 9          | # of all combined edge cases
edge-cases#tried = 9          | # of edge cases tried in current run
seed = 4832954508932354558    | random seed to reproduce generated values


timestamp = 2024-10-31T15:29:12.551136400, PropertyTests:findFirstElement = 
                              |-----------------------jqwik-----------------------
tries = 1000                  | # of calls to property
checks = 1000                 | # of not rejected calls
generation = RANDOMIZED       | parameters are randomly generated
after-failure = SAMPLE_FIRST  | try previously failed sample, then previous seed
when-fixed-seed = ALLOW       | fixing the random seed is allowed
edge-cases#mode = MIXIN       | edge cases are mixed in
edge-cases#total = 5          | # of all combined edge cases
edge-cases#tried = 5          | # of edge cases tried in current run
seed = -1073911148610155134   | random seed to reproduce generated values


timestamp = 2024-10-31T15:29:12.586137300, PropertyTests:findElementInRandomSortedArray = 
                              |-----------------------jqwik-----------------------
tries = 1000                  | # of calls to property
checks = 1000                 | # of not rejected calls
generation = RANDOMIZED       | parameters are randomly generated
after-failure = SAMPLE_FIRST  | try previously failed sample, then previous seed
when-fixed-seed = ALLOW       | fixing the random seed is allowed
edge-cases#mode = MIXIN       | edge cases are mixed in
edge-cases#total = 5          | # of all combined edge cases
edge-cases#tried = 5          | # of edge cases tried in current run
seed = 6777441396078320372    | random seed to reproduce generated values


timestamp = 2024-10-31T15:29:12.628136700, PropertyTests:throwsForElementBelowLowerBound = 
                              |-----------------------jqwik-----------------------
tries = 1000                  | # of calls to property
checks = 1000                 | # of not rejected calls
generation = RANDOMIZED       | parameters are randomly generated
after-failure = SAMPLE_FIRST  | try previously failed sample, then previous seed
when-fixed-seed = ALLOW       | fixing the random seed is allowed
edge-cases#mode = MIXIN       | edge cases are mixed in
edge-cases#total = 20         | # of all combined edge cases
edge-cases#tried = 20         | # of edge cases tried in current run
seed = 8130494727974325594    | random seed to reproduce generated values


timestamp = 2024-10-31T15:29:12.661137, PropertyTests:findIntermediateElements = 
                              |-----------------------jqwik-----------------------
tries = 1000                  | # of calls to property
checks = 1000                 | # of not rejected calls
generation = RANDOMIZED       | parameters are randomly generated
after-failure = SAMPLE_FIRST  | try previously failed sample, then previous seed
when-fixed-seed = ALLOW       | fixing the random seed is allowed
edge-cases#mode = MIXIN       | edge cases are mixed in
edge-cases#total = 5          | # of all combined edge cases
edge-cases#tried = 5          | # of edge cases tried in current run
seed = 4975365195608647801    | random seed to reproduce generated values


timestamp = 2024-10-31T15:29:12.691136500, PropertyTests:findDuplicateElements = 
                              |-----------------------jqwik-----------------------
tries = 1000                  | # of calls to property
checks = 1000                 | # of not rejected calls
generation = RANDOMIZED       | parameters are randomly generated
after-failure = SAMPLE_FIRST  | try previously failed sample, then previous seed
when-fixed-seed = ALLOW       | fixing the random seed is allowed
edge-cases#mode = MIXIN       | edge cases are mixed in
edge-cases#total = 5          | # of all combined edge cases
edge-cases#tried = 5          | # of edge cases tried in current run
seed = -1872889116178258677   | random seed to reproduce generated values


timestamp = 2024-10-31T15:29:12.721137100, PropertyTests:throwsForEmptyArray = 
                              |-----------------------jqwik-----------------------
tries = 1000                  | # of calls to property
checks = 1000                 | # of not rejected calls
generation = RANDOMIZED       | parameters are randomly generated
after-failure = SAMPLE_FIRST  | try previously failed sample, then previous seed
when-fixed-seed = ALLOW       | fixing the random seed is allowed
edge-cases#mode = MIXIN       | edge cases are mixed in
edge-cases#total = 9          | # of all combined edge cases
edge-cases#tried = 9          | # of edge cases tried in current run
seed = -9114385881137443009   | random seed to reproduce generated values


timestamp = 2024-10-31T15:29:12.755135900, PropertyTests:throwsForNullElement = 
                              |-----------------------jqwik-----------------------
tries = 1000                  | # of calls to property
checks = 1000                 | # of not rejected calls
generation = RANDOMIZED       | parameters are randomly generated
after-failure = SAMPLE_FIRST  | try previously failed sample, then previous seed
when-fixed-seed = ALLOW       | fixing the random seed is allowed
edge-cases#mode = MIXIN       | edge cases are mixed in
edge-cases#total = 5          | # of all combined edge cases
edge-cases#tried = 5          | # of edge cases tried in current run
seed = -1629412029475725404   | random seed to reproduce generated values


timestamp = 2024-10-31T15:29:12.786136600, PropertyTests:findLastElement = 
                              |-----------------------jqwik-----------------------
tries = 1000                  | # of calls to property
checks = 1000                 | # of not rejected calls
generation = RANDOMIZED       | parameters are randomly generated
after-failure = SAMPLE_FIRST  | try previously failed sample, then previous seed
when-fixed-seed = ALLOW       | fixing the random seed is allowed
edge-cases#mode = MIXIN       | edge cases are mixed in
edge-cases#total = 5          | # of all combined edge cases
edge-cases#tried = 5          | # of edge cases tried in current run
seed = -9209432565072605618   | random seed to reproduce generated values


timestamp = 2024-10-31T15:29:12.821138300, PropertyTests:throwsForElementAboveUpperBound = 
                              |-----------------------jqwik-----------------------
tries = 1000                  | # of calls to property
checks = 1000                 | # of not rejected calls
generation = RANDOMIZED       | parameters are randomly generated
after-failure = SAMPLE_FIRST  | try previously failed sample, then previous seed
when-fixed-seed = ALLOW       | fixing the random seed is allowed
edge-cases#mode = MIXIN       | edge cases are mixed in
edge-cases#total = 20         | # of all combined edge cases
edge-cases#tried = 20         | # of edge cases tried in current run
seed = -5022420058934162788   | random seed to reproduce generated values


]]></system-out>
  <system-err><![CDATA[]]></system-err>
</testsuite>
