<?xml version="1.0" encoding="UTF-8"?>
<testsuite name="edu.drexel.se320.PropertyTests" tests="12" skipped="0" failures="0" errors="0" timestamp="2024-10-31T18:41:53" hostname="DESKTOP-HP0VUME" time="0.649">
  <properties/>
  <testcase name="throwsForNullArray" classname="edu.drexel.se320.PropertyTests" time="0.144"/>
  <testcase name="findWithUnsortedArray" classname="edu.drexel.se320.PropertyTests" time="0.188"/>
  <testcase name="checkSingleArrayElt" classname="edu.drexel.se320.PropertyTests" time="0.029"/>
  <testcase name="findFirstElement" classname="edu.drexel.se320.PropertyTests" time="0.063"/>
  <testcase name="findElementInRandomSortedArray" classname="edu.drexel.se320.PropertyTests" time="0.026"/>
  <testcase name="throwsForElementBelowLowerBound" classname="edu.drexel.se320.PropertyTests" time="0.032"/>
  <testcase name="findIntermediateElements" classname="edu.drexel.se320.PropertyTests" time="0.032"/>
  <testcase name="findDuplicateElements" classname="edu.drexel.se320.PropertyTests" time="0.025"/>
  <testcase name="throwsForEmptyArray" classname="edu.drexel.se320.PropertyTests" time="0.001"/>
  <testcase name="throwsForNullElement" classname="edu.drexel.se320.PropertyTests" time="0.033"/>
  <testcase name="findLastElement" classname="edu.drexel.se320.PropertyTests" time="0.035"/>
  <testcase name="throwsForElementAboveUpperBound" classname="edu.drexel.se320.PropertyTests" time="0.031"/>
  <system-out><![CDATA[timestamp = 2024-10-31T14:41:53.589652700, PropertyTests:findWithUnsortedArray = 
                              |-----------------------jqwik-----------------------
tries = 1000                  | # of calls to property
checks = 1000                 | # of not rejected calls
generation = RANDOMIZED       | parameters are randomly generated
after-failure = SAMPLE_FIRST  | try previously failed sample, then previous seed
when-fixed-seed = ALLOW       | fixing the random seed is allowed
edge-cases#mode = MIXIN       | edge cases are mixed in
edge-cases#total = 5          | # of all combined edge cases
edge-cases#tried = 5          | # of edge cases tried in current run
seed = 7035685010852943751    | random seed to reproduce generated values


timestamp = 2024-10-31T14:41:53.624652700, PropertyTests:checkSingleArrayElt = 
                              |-----------------------jqwik-----------------------
tries = 1000                  | # of calls to property
checks = 1000                 | # of not rejected calls
generation = RANDOMIZED       | parameters are randomly generated
after-failure = SAMPLE_FIRST  | try previously failed sample, then previous seed
when-fixed-seed = ALLOW       | fixing the random seed is allowed
edge-cases#mode = MIXIN       | edge cases are mixed in
edge-cases#total = 9          | # of all combined edge cases
edge-cases#tried = 9          | # of edge cases tried in current run
seed = 5021763185472576535    | random seed to reproduce generated values


timestamp = 2024-10-31T14:41:53.688652800, PropertyTests:findFirstElement = 
                              |-----------------------jqwik-----------------------
tries = 1000                  | # of calls to property
checks = 1000                 | # of not rejected calls
generation = RANDOMIZED       | parameters are randomly generated
after-failure = SAMPLE_FIRST  | try previously failed sample, then previous seed
when-fixed-seed = ALLOW       | fixing the random seed is allowed
edge-cases#mode = MIXIN       | edge cases are mixed in
edge-cases#total = 5          | # of all combined edge cases
edge-cases#tried = 5          | # of edge cases tried in current run
seed = 3767182227773456586    | random seed to reproduce generated values


timestamp = 2024-10-31T14:41:53.714652900, PropertyTests:findElementInRandomSortedArray = 
                              |-----------------------jqwik-----------------------
tries = 1000                  | # of calls to property
checks = 1000                 | # of not rejected calls
generation = RANDOMIZED       | parameters are randomly generated
after-failure = SAMPLE_FIRST  | try previously failed sample, then previous seed
when-fixed-seed = ALLOW       | fixing the random seed is allowed
edge-cases#mode = MIXIN       | edge cases are mixed in
edge-cases#total = 5          | # of all combined edge cases
edge-cases#tried = 5          | # of edge cases tried in current run
seed = 6163987120739867733    | random seed to reproduce generated values


timestamp = 2024-10-31T14:41:53.747654600, PropertyTests:throwsForElementBelowLowerBound = 
                              |-----------------------jqwik-----------------------
tries = 1000                  | # of calls to property
checks = 1000                 | # of not rejected calls
generation = RANDOMIZED       | parameters are randomly generated
after-failure = SAMPLE_FIRST  | try previously failed sample, then previous seed
when-fixed-seed = ALLOW       | fixing the random seed is allowed
edge-cases#mode = MIXIN       | edge cases are mixed in
edge-cases#total = 5          | # of all combined edge cases
edge-cases#tried = 5          | # of edge cases tried in current run
seed = 7615750070869057411    | random seed to reproduce generated values


timestamp = 2024-10-31T14:41:53.781653800, PropertyTests:findIntermediateElements = 
                              |-----------------------jqwik-----------------------
tries = 1000                  | # of calls to property
checks = 1000                 | # of not rejected calls
generation = RANDOMIZED       | parameters are randomly generated
after-failure = SAMPLE_FIRST  | try previously failed sample, then previous seed
when-fixed-seed = ALLOW       | fixing the random seed is allowed
edge-cases#mode = MIXIN       | edge cases are mixed in
edge-cases#total = 5          | # of all combined edge cases
edge-cases#tried = 5          | # of edge cases tried in current run
seed = -2280956605112544992   | random seed to reproduce generated values


timestamp = 2024-10-31T14:41:53.806654300, PropertyTests:findDuplicateElements = 
                              |-----------------------jqwik-----------------------
tries = 1000                  | # of calls to property
checks = 1000                 | # of not rejected calls
generation = RANDOMIZED       | parameters are randomly generated
after-failure = SAMPLE_FIRST  | try previously failed sample, then previous seed
when-fixed-seed = ALLOW       | fixing the random seed is allowed
edge-cases#mode = MIXIN       | edge cases are mixed in
edge-cases#total = 5          | # of all combined edge cases
edge-cases#tried = 5          | # of edge cases tried in current run
seed = 8448738674767481334    | random seed to reproduce generated values


timestamp = 2024-10-31T14:41:53.843652900, PropertyTests:throwsForNullElement = 
                              |-----------------------jqwik-----------------------
tries = 1000                  | # of calls to property
checks = 1000                 | # of not rejected calls
generation = RANDOMIZED       | parameters are randomly generated
after-failure = SAMPLE_FIRST  | try previously failed sample, then previous seed
when-fixed-seed = ALLOW       | fixing the random seed is allowed
edge-cases#mode = MIXIN       | edge cases are mixed in
edge-cases#total = 5          | # of all combined edge cases
edge-cases#tried = 5          | # of edge cases tried in current run
seed = 5544459957943145684    | random seed to reproduce generated values


timestamp = 2024-10-31T14:41:53.879652900, PropertyTests:findLastElement = 
                              |-----------------------jqwik-----------------------
tries = 1000                  | # of calls to property
checks = 1000                 | # of not rejected calls
generation = RANDOMIZED       | parameters are randomly generated
after-failure = SAMPLE_FIRST  | try previously failed sample, then previous seed
when-fixed-seed = ALLOW       | fixing the random seed is allowed
edge-cases#mode = MIXIN       | edge cases are mixed in
edge-cases#total = 5          | # of all combined edge cases
edge-cases#tried = 5          | # of edge cases tried in current run
seed = 5147627985247266492    | random seed to reproduce generated values


timestamp = 2024-10-31T14:41:53.911653300, PropertyTests:throwsForElementAboveUpperBound = 
                              |-----------------------jqwik-----------------------
tries = 1000                  | # of calls to property
checks = 1000                 | # of not rejected calls
generation = RANDOMIZED       | parameters are randomly generated
after-failure = SAMPLE_FIRST  | try previously failed sample, then previous seed
when-fixed-seed = ALLOW       | fixing the random seed is allowed
edge-cases#mode = MIXIN       | edge cases are mixed in
edge-cases#total = 5          | # of all combined edge cases
edge-cases#tried = 5          | # of edge cases tried in current run
seed = -1411823684071139394   | random seed to reproduce generated values


]]></system-out>
  <system-err><![CDATA[]]></system-err>
</testsuite>
